[22:36:40.429] Global cache location '/Users/victoryosikwemhe/Library/Caches/typescript/4.2', safe file path '/users/victoryosikwemhe/.emacs.d/.cache/lsp/npm/typescript/lib/node_modules/typescript/lib/typingsafelist.json', types map path /users/victoryosikwemhe/.emacs.d/.cache/lsp/npm/typescript/lib/node_modules/typescript/lib/typesmap.json
[22:36:40.432] Processing cache location '/Users/victoryosikwemhe/Library/Caches/typescript/4.2'
[22:36:40.432] Trying to find '/Users/victoryosikwemhe/Library/Caches/typescript/4.2/package.json'...
[22:36:40.435] Loaded content of '/Users/victoryosikwemhe/Library/Caches/typescript/4.2/package.json': {"private":true,"dependencies":{"types-registry":"^0.1.547"},"devDependencies":{"@types/array.prototype.flat":"^1.2.1","@types/array.prototype.flatmap":"^1.2.2","@types/async":"^3.2.6","@types/babel__core":"^7.1.14","@types/babel__preset-env":"^7.9.1","@types/bcryptjs":"^2.4.2","@types/body":"^5.1.0","@types/body-parser":"^1.19.0","@types/busboy":"^0.2.3","@types/bytes":"^3.1.0","@types/chardet":"^0.8.0","@types/chromedriver":"^81.0.0","@types/common-tags":"^1.8.0","@types/concurrently":"^6.2.0","@types/confusing-browser-globals":"^1.0.0","@types/connect-mongodb-session":"^2.4.0","@types/content-type":"^1.1.3","@types/convict":"^6.0.1","@types/cookie":"^0.4.0","@types/cookie-signature":"^1.0.3","@types/cookiejar":"^2.1.2","@types/core-js":"^2.5.4","@types/cors":"^2.8.10","@types/cron":"^1.7.2","@types/cross-spawn":"^6.0.2","@types/crypto-js":"^4.0.1","@types/d3":"^6.7.4","@types/d3-array":"^3.0.0","@types/d3-axis":"^2.1.0","@types/d3-brush":"^2.1.0","@types/d3-chord":"^2.0.1","@types/d3-collection":"^1.0.10","@types/d3-color":"^2.0.1","@types/d3-contour":"^2.0.1","@types/d3-dispatch":"^2.0.0","@types/d3-drag":"^2.0.0","@types/d3-dsv":"^2.0.1","@types/d3-ease":"^2.0.0","@types/d3-fetch":"^2.0.0","@types/d3-force":"^2.1.1","@types/d3-format":"^2.0.0","@types/d3-geo":"^2.0.0","@types/d3-hierarchy":"^2.0.0","@types/d3-interpolate":"^2.0.0","@types/d3-path":"^2.0.0","@types/d3-polygon":"^2.0.0","@types/d3-quadtree":"^2.0.0","@types/d3-random":"^2.2.0","@types/d3-scale":"^3.3.0","@types/d3-scale-chromatic":"^2.0.0","@types/d3-selection":"^2.0.0","@types/d3-shape":"^2.1.0","@types/d3-time":"^2.1.0","@types/d3-time-format":"^3.0.0","@types/d3-timer":"^2.0.0","@types/d3-transition":"^2.0.0","@types/d3-voronoi":"^1.1.9","@types/d3-zoom":"^2.0.1","@types/debug":"^4.1.5","@types/define-properties":"^1.1.3","@types/depd":"^1.1.32","@types/diff":"^5.0.0","@types/doctrine":"0.0.3","@types/downloadjs":"^1.4.2","@types/es-abstract":"^1.17.2","@types/es-to-primitive":"^1.2.4","@types/eslint":"^7.2.13","@types/eslint-config-prettier":"^6.11.0","@types/eslint-plugin-prettier":"^3.1.0","@types/eslint-scope":"^3.7.0","@types/eslint-visitor-keys":"^1.0.0","@types/esm":"^3.2.0","@types/esquery":"^1.0.1","@types/estraverse":"^5.1.0","@types/express":"^4.17.12","@types/express-fileupload":"^1.1.6","@types/express-session":"^1.17.3","@types/express-useragent":"^1.0.0","@types/faker":"^5.5.6","@types/file-entry-cache":"^5.0.1","@types/file-saver":"^2.0.2","@types/flat-cache":"^2.0.0","@types/formidable":"^1.2.1","@types/from":"^0.1.29","@types/fs-extra":"^9.0.11","@types/glob":"^7.1.3","@types/google-libphonenumber":"^7.4.21","@types/google-map-react":"^2.1.1","@types/google__maps":"^0.5.14","@types/graceful-fs":"^4.1.5","@types/history":"^4.7.8","@types/hosted-git-info":"^3.0.1","@types/http-errors":"^1.8.0","@types/intercomjs":"0.0.29","@types/internal-slot":"^1.0.1","@types/ioredis":"^4.26.4","@types/is-callable":"^1.1.0","@types/is-date-object":"^1.0.1","@types/is-regex":"^1.0.0","@types/jest":"^26.0.23","@types/json-stringify-safe":"^5.0.0","@types/json2csv":"^5.0.2","@types/jsonwebtoken":"^8.5.2","@types/jws":"^3.2.3","@types/lodash":"^4.14.170","@types/lodash.clonedeep":"^4.5.6","@types/lodash.get":"^4.4.6","@types/lodash.includes":"^4.3.6","@types/lodash.isboolean":"^3.0.6","@types/lodash.isinteger":"^4.0.6","@types/lodash.isnumber":"^3.0.6","@types/lodash.isplainobject":"^4.0.6","@types/lodash.isstring":"^4.0.6","@types/lodash.once":"^4.1.6","@types/lodash.set":"^4.3.6","@types/long":"^4.0.1","@types/merge-descriptors":"^1.0.1","@types/methods":"^1.1.1","@types/mixpanel-browser":"^2.35.6","@types/mkdirp":"^1.0.1","@types/moment-holiday":"^1.5.0","@types/mongodb":"^3.6.12","@types/mongoose":"^5.10.5","@types/mousetrap":"^1.6.8","@types/ms":"^0.7.31","@types/mustache":"^4.1.1","@types/mute-stream":"0.0.0","@types/newrelic":"^7.0.1","@types/nice-try":"^2.1.0","@types/nodemailer":"^6.4.2","@types/nodemon":"^1.19.0","@types/normalize-package-data":"^2.4.0","@types/notify":"0.0.29","@types/object-assign":"^4.0.30","@types/object.fromentries":"^2.0.0","@types/on-headers":"^1.0.0","@types/os-tmpdir":"^1.0.0","@types/parse-json":"^4.0.0","@types/parseurl":"^1.3.1","@types/paypal-rest-sdk":"^1.7.5","@types/prelude-ls":"^1.1.29","@types/prettier":"^2.3.0","@types/prop-types":"^15.7.3","@types/puppeteer":"^5.4.3","@types/qs":"^6.9.6","@types/random-bytes":"^1.0.1","@types/rc-tree":"^1.11.3","@types/react":"^17.0.11","@types/react-dom":"^17.0.8","@types/react-image-crop":"^8.1.2","@types/react-infinite-scroller":"^1.2.1","@types/react-redux":"^7.1.16","@types/react-router-dom":"^5.1.7","@types/react-virtualized":"^9.21.11","@types/request":"^2.48.5","@types/request-ip":"0.0.36","@types/rimraf":"^3.0.0","@types/semver":"^7.3.6","@types/serve-static":"^1.13.9","@types/shebang-command":"^1.2.0","@types/shelljs":"^0.8.8","@types/signale":"^1.4.1","@types/signature_pad":"^2.3.1","@types/slice-ansi":"^5.0.0","@types/spdx-correct":"^2.0.0","@types/spdx-expression-parse":"^3.0.0","@types/sprintf":"^0.1.0","@types/stack-utils":"^2.0.0","@types/string":"0.0.30","@types/string.prototype.matchall":"^4.0.0","@types/styled-components":"^5.1.10","@types/superagent":"^4.1.11","@types/supertest":"^2.0.11","@types/supports-color":"^8.1.0","@types/throttle-debounce":"^2.1.0","@types/type-check":"^0.3.27","@types/type-is":"^1.6.3","@types/uid-safe":"^2.1.2","@types/uuid":"^8.3.0","@types/validate-npm-package-license":"^3.0.0","@types/validator":"^13.1.3","@types/vary":"^1.1.0","@types/webpack":"^5.28.0","@types/which":"^2.0.0","@types/yargs-parser":"^20.2.0","@types/zen-observable":"^0.8.2"}}
[22:36:40.435] Loaded content of '/Users/victoryosikwemhe/Library/Caches/typescript/4.2/package-lock.json'
[22:36:40.442] Adding entry into typings cache: 'array.prototype.flat' => '/Users/victoryosikwemhe/Library/Caches/typescript/4.2/node_modules/@types/array.prototype.flat/index.d.ts'
[22:36:40.445] Adding entry into typings cache: 'array.prototype.flatmap' => '/Users/victoryosikwemhe/Library/Caches/typescript/4.2/node_modules/@types/array.prototype.flatmap/index.d.ts'
[22:36:40.447] Adding entry into typings cache: 'async' => '/Users/victoryosikwemhe/Library/Caches/typescript/4.2/node_modules/@types/async/index.d.ts'
[22:36:40.449] Adding entry into typings cache: 'babel__core' => '/Users/victoryosikwemhe/Library/Caches/typescript/4.2/node_modules/@types/babel__core/index.d.ts'
[22:36:40.452] Adding entry into typings cache: 'babel__preset-env' => '/Users/victoryosikwemhe/Library/Caches/typescript/4.2/node_modules/@types/babel__preset-env/index.d.ts'
[22:36:40.456] Adding entry into typings cache: 'bcryptjs' => '/Users/victoryosikwemhe/Library/Caches/typescript/4.2/node_modules/@types/bcryptjs/index.d.ts'
[22:36:40.458] Adding entry into typings cache: 'body' => '/Users/victoryosikwemhe/Library/Caches/typescript/4.2/node_modules/@types/body/index.d.ts'
[22:36:40.459] Adding entry into typings cache: 'body-parser' => '/Users/victoryosikwemhe/Library/Caches/typescript/4.2/node_modules/@types/body-parser/index.d.ts'
[22:36:40.464] Adding entry into typings cache: 'busboy' => '/Users/victoryosikwemhe/Library/Caches/typescript/4.2/node_modules/@types/busboy/index.d.ts'
[22:36:40.466] Adding entry into typings cache: 'bytes' => '/Users/victoryosikwemhe/Library/Caches/typescript/4.2/node_modules/@types/bytes/index.d.ts'
[22:36:40.468] Adding entry into typings cache: 'chardet' => '/Users/victoryosikwemhe/Library/Caches/typescript/4.2/node_modules/@types/chardet/index.d.ts'
[22:36:40.470] Adding entry into typings cache: 'chromedriver' => '/Users/victoryosikwemhe/Library/Caches/typescript/4.2/node_modules/@types/chromedriver/index.d.ts'
[22:36:40.472] Adding entry into typings cache: 'common-tags' => '/Users/victoryosikwemhe/Library/Caches/typescript/4.2/node_modules/@types/common-tags/index.d.ts'
[22:36:40.473] Adding entry into typings cache: 'concurrently' => '/Users/victoryosikwemhe/Library/Caches/typescript/4.2/node_modules/@types/concurrently/index.d.ts'
[22:36:40.474] Adding entry into typings cache: 'confusing-browser-globals' => '/Users/victoryosikwemhe/Library/Caches/typescript/4.2/node_modules/@types/confusing-browser-globals/index.d.ts'
[22:36:40.476] Adding entry into typings cache: 'connect-mongodb-session' => '/Users/victoryosikwemhe/Library/Caches/typescript/4.2/node_modules/@types/connect-mongodb-session/index.d.ts'
[22:36:40.477] Adding entry into typings cache: 'content-type' => '/Users/victoryosikwemhe/Library/Caches/typescript/4.2/node_modules/@types/content-type/index.d.ts'
[22:36:40.479] Adding entry into typings cache: 'convict' => '/Users/victoryosikwemhe/Library/Caches/typescript/4.2/node_modules/@types/convict/index.d.ts'
[22:36:40.480] Adding entry into typings cache: 'cookie' => '/Users/victoryosikwemhe/Library/Caches/typescript/4.2/node_modules/@types/cookie/index.d.ts'
[22:36:40.482] Adding entry into typings cache: 'cookie-signature' => '/Users/victoryosikwemhe/Library/Caches/typescript/4.2/node_modules/@types/cookie-signature/index.d.ts'
[22:36:40.483] Adding entry into typings cache: 'cookiejar' => '/Users/victoryosikwemhe/Library/Caches/typescript/4.2/node_modules/@types/cookiejar/index.d.ts'
[22:36:40.485] Adding entry into typings cache: 'core-js' => '/Users/victoryosikwemhe/Library/Caches/typescript/4.2/node_modules/@types/core-js/index.d.ts'
[22:36:40.486] Adding entry into typings cache: 'cors' => '/Users/victoryosikwemhe/Library/Caches/typescript/4.2/node_modules/@types/cors/index.d.ts'
[22:36:40.488] Adding entry into typings cache: 'cron' => '/Users/victoryosikwemhe/Library/Caches/typescript/4.2/node_modules/@types/cron/index.d.ts'
[22:36:40.489] Adding entry into typings cache: 'cross-spawn' => '/Users/victoryosikwemhe/Library/Caches/typescript/4.2/node_modules/@types/cross-spawn/index.d.ts'
[22:36:40.491] Adding entry into typings cache: 'crypto-js' => '/Users/victoryosikwemhe/Library/Caches/typescript/4.2/node_modules/@types/crypto-js/index.d.ts'
[22:36:40.493] Adding entry into typings cache: 'd3' => '/Users/victoryosikwemhe/Library/Caches/typescript/4.2/node_modules/@types/d3/index.d.ts'
[22:36:40.494] Adding entry into typings cache: 'd3-array' => '/Users/victoryosikwemhe/Library/Caches/typescript/4.2/node_modules/@types/d3-array/index.d.ts'
[22:36:40.497] Adding entry into typings cache: 'd3-axis' => '/Users/victoryosikwemhe/Library/Caches/typescript/4.2/node_modules/@types/d3-axis/index.d.ts'
[22:36:40.498] Adding entry into typings cache: 'd3-brush' => '/Users/victoryosikwemhe/Library/Caches/typescript/4.2/node_modules/@types/d3-brush/index.d.ts'
[22:36:40.499] Adding entry into typings cache: 'd3-chord' => '/Users/victoryosikwemhe/Library/Caches/typescript/4.2/node_modules/@types/d3-chord/index.d.ts'
[22:36:40.500] Adding entry into typings cache: 'd3-collection' => '/Users/victoryosikwemhe/Library/Caches/typescript/4.2/node_modules/@types/d3-collection/index.d.ts'
[22:36:40.503] Adding entry into typings cache: 'd3-color' => '/Users/victoryosikwemhe/Library/Caches/typescript/4.2/node_modules/@types/d3-color/index.d.ts'
[22:36:40.505] Adding entry into typings cache: 'd3-contour' => '/Users/victoryosikwemhe/Library/Caches/typescript/4.2/node_modules/@types/d3-contour/index.d.ts'
[22:36:40.507] Adding entry into typings cache: 'd3-dispatch' => '/Users/victoryosikwemhe/Library/Caches/typescript/4.2/node_modules/@types/d3-dispatch/index.d.ts'
[22:36:40.509] Adding entry into typings cache: 'd3-drag' => '/Users/victoryosikwemhe/Library/Caches/typescript/4.2/node_modules/@types/d3-drag/index.d.ts'
[22:36:40.511] Adding entry into typings cache: 'd3-dsv' => '/Users/victoryosikwemhe/Library/Caches/typescript/4.2/node_modules/@types/d3-dsv/index.d.ts'
[22:36:40.513] Adding entry into typings cache: 'd3-ease' => '/Users/victoryosikwemhe/Library/Caches/typescript/4.2/node_modules/@types/d3-ease/index.d.ts'
[22:36:40.514] Adding entry into typings cache: 'd3-fetch' => '/Users/victoryosikwemhe/Library/Caches/typescript/4.2/node_modules/@types/d3-fetch/index.d.ts'
[22:36:40.515] Adding entry into typings cache: 'd3-force' => '/Users/victoryosikwemhe/Library/Caches/typescript/4.2/node_modules/@types/d3-force/index.d.ts'
[22:36:40.518] Adding entry into typings cache: 'd3-format' => '/Users/victoryosikwemhe/Library/Caches/typescript/4.2/node_modules/@types/d3-format/index.d.ts'
[22:36:40.522] Adding entry into typings cache: 'd3-geo' => '/Users/victoryosikwemhe/Library/Caches/typescript/4.2/node_modules/@types/d3-geo/index.d.ts'
[22:36:40.524] Adding entry into typings cache: 'd3-hierarchy' => '/Users/victoryosikwemhe/Library/Caches/typescript/4.2/node_modules/@types/d3-hierarchy/index.d.ts'
[22:36:40.526] Adding entry into typings cache: 'd3-interpolate' => '/Users/victoryosikwemhe/Library/Caches/typescript/4.2/node_modules/@types/d3-interpolate/index.d.ts'
[22:36:40.529] Adding entry into typings cache: 'd3-path' => '/Users/victoryosikwemhe/Library/Caches/typescript/4.2/node_modules/@types/d3-path/index.d.ts'
[22:36:40.530] Adding entry into typings cache: 'd3-polygon' => '/Users/victoryosikwemhe/Library/Caches/typescript/4.2/node_modules/@types/d3-polygon/index.d.ts'
[22:36:40.531] Adding entry into typings cache: 'd3-quadtree' => '/Users/victoryosikwemhe/Library/Caches/typescript/4.2/node_modules/@types/d3-quadtree/index.d.ts'
[22:36:40.534] Adding entry into typings cache: 'd3-random' => '/Users/victoryosikwemhe/Library/Caches/typescript/4.2/node_modules/@types/d3-random/index.d.ts'
[22:36:40.535] Adding entry into typings cache: 'd3-scale' => '/Users/victoryosikwemhe/Library/Caches/typescript/4.2/node_modules/@types/d3-scale/index.d.ts'
[22:36:40.538] Adding entry into typings cache: 'd3-scale-chromatic' => '/Users/victoryosikwemhe/Library/Caches/typescript/4.2/node_modules/@types/d3-scale-chromatic/index.d.ts'
[22:36:40.539] Adding entry into typings cache: 'd3-selection' => '/Users/victoryosikwemhe/Library/Caches/typescript/4.2/node_modules/@types/d3-selection/index.d.ts'
[22:36:40.541] Adding entry into typings cache: 'd3-shape' => '/Users/victoryosikwemhe/Library/Caches/typescript/4.2/node_modules/@types/d3-shape/index.d.ts'
[22:36:40.543] Adding entry into typings cache: 'd3-time' => '/Users/victoryosikwemhe/Library/Caches/typescript/4.2/node_modules/@types/d3-time/index.d.ts'
[22:36:40.544] Adding entry into typings cache: 'd3-time-format' => '/Users/victoryosikwemhe/Library/Caches/typescript/4.2/node_modules/@types/d3-time-format/index.d.ts'
[22:36:40.548] Adding entry into typings cache: 'd3-timer' => '/Users/victoryosikwemhe/Library/Caches/typescript/4.2/node_modules/@types/d3-timer/index.d.ts'
[22:36:40.552] Adding entry into typings cache: 'd3-transition' => '/Users/victoryosikwemhe/Library/Caches/typescript/4.2/node_modules/@types/d3-transition/index.d.ts'
[22:36:40.553] Adding entry into typings cache: 'd3-voronoi' => '/Users/victoryosikwemhe/Library/Caches/typescript/4.2/node_modules/@types/d3-voronoi/index.d.ts'
[22:36:40.554] Adding entry into typings cache: 'd3-zoom' => '/Users/victoryosikwemhe/Library/Caches/typescript/4.2/node_modules/@types/d3-zoom/index.d.ts'
[22:36:40.557] Adding entry into typings cache: 'debug' => '/Users/victoryosikwemhe/Library/Caches/typescript/4.2/node_modules/@types/debug/index.d.ts'
[22:36:40.558] Adding entry into typings cache: 'define-properties' => '/Users/victoryosikwemhe/Library/Caches/typescript/4.2/node_modules/@types/define-properties/index.d.ts'
[22:36:40.558] Adding entry into typings cache: 'depd' => '/Users/victoryosikwemhe/Library/Caches/typescript/4.2/node_modules/@types/depd/index.d.ts'
[22:36:40.559] Adding entry into typings cache: 'diff' => '/Users/victoryosikwemhe/Library/Caches/typescript/4.2/node_modules/@types/diff/index.d.ts'
[22:36:40.563] Adding entry into typings cache: 'doctrine' => '/Users/victoryosikwemhe/Library/Caches/typescript/4.2/node_modules/@types/doctrine/index.d.ts'
[22:36:40.564] Adding entry into typings cache: 'downloadjs' => '/Users/victoryosikwemhe/Library/Caches/typescript/4.2/node_modules/@types/downloadjs/index.d.ts'
[22:36:40.566] Adding entry into typings cache: 'es-abstract' => '/Users/victoryosikwemhe/Library/Caches/typescript/4.2/node_modules/@types/es-abstract/index.d.ts'
[22:36:40.573] Adding entry into typings cache: 'es-to-primitive' => '/Users/victoryosikwemhe/Library/Caches/typescript/4.2/node_modules/@types/es-to-primitive/index.d.ts'
[22:36:40.574] Adding entry into typings cache: 'eslint' => '/Users/victoryosikwemhe/Library/Caches/typescript/4.2/node_modules/@types/eslint/index.d.ts'
[22:36:40.575] Adding entry into typings cache: 'eslint-config-prettier' => '/Users/victoryosikwemhe/Library/Caches/typescript/4.2/node_modules/@types/eslint-config-prettier/index.d.ts'
[22:36:40.576] Adding entry into typings cache: 'eslint-plugin-prettier' => '/Users/victoryosikwemhe/Library/Caches/typescript/4.2/node_modules/@types/eslint-plugin-prettier/index.d.ts'
[22:36:40.578] Adding entry into typings cache: 'eslint-scope' => '/Users/victoryosikwemhe/Library/Caches/typescript/4.2/node_modules/@types/eslint-scope/index.d.ts'
[22:36:40.579] Adding entry into typings cache: 'eslint-visitor-keys' => '/Users/victoryosikwemhe/Library/Caches/typescript/4.2/node_modules/@types/eslint-visitor-keys/index.d.ts'
[22:36:40.580] Adding entry into typings cache: 'esm' => '/Users/victoryosikwemhe/Library/Caches/typescript/4.2/node_modules/@types/esm/index.d.ts'
[22:36:40.585] Adding entry into typings cache: 'esquery' => '/Users/victoryosikwemhe/Library/Caches/typescript/4.2/node_modules/@types/esquery/index.d.ts'
[22:36:40.601] Adding entry into typings cache: 'estraverse' => '/Users/victoryosikwemhe/Library/Caches/typescript/4.2/node_modules/@types/estraverse/index.d.ts'
[22:36:40.603] Adding entry into typings cache: 'express' => '/Users/victoryosikwemhe/Library/Caches/typescript/4.2/node_modules/@types/express/index.d.ts'
[22:36:40.604] Adding entry into typings cache: 'express-fileupload' => '/Users/victoryosikwemhe/Library/Caches/typescript/4.2/node_modules/@types/express-fileupload/index.d.ts'
[22:36:40.605] Adding entry into typings cache: 'express-session' => '/Users/victoryosikwemhe/Library/Caches/typescript/4.2/node_modules/@types/express-session/index.d.ts'
[22:36:40.607] Adding entry into typings cache: 'express-useragent' => '/Users/victoryosikwemhe/Library/Caches/typescript/4.2/node_modules/@types/express-useragent/index.d.ts'
[22:36:40.611] Adding entry into typings cache: 'faker' => '/Users/victoryosikwemhe/Library/Caches/typescript/4.2/node_modules/@types/faker/index.d.ts'
[22:36:40.614] Adding entry into typings cache: 'file-entry-cache' => '/Users/victoryosikwemhe/Library/Caches/typescript/4.2/node_modules/@types/file-entry-cache/index.d.ts'
[22:36:40.615] Adding entry into typings cache: 'file-saver' => '/Users/victoryosikwemhe/Library/Caches/typescript/4.2/node_modules/@types/file-saver/index.d.ts'
[22:36:40.616] Adding entry into typings cache: 'flat-cache' => '/Users/victoryosikwemhe/Library/Caches/typescript/4.2/node_modules/@types/flat-cache/index.d.ts'
[22:36:40.616] Adding entry into typings cache: 'formidable' => '/Users/victoryosikwemhe/Library/Caches/typescript/4.2/node_modules/@types/formidable/index.d.ts'
[22:36:40.617] Adding entry into typings cache: 'from' => '/Users/victoryosikwemhe/Library/Caches/typescript/4.2/node_modules/@types/from/index.d.ts'
[22:36:40.617] Adding entry into typings cache: 'fs-extra' => '/Users/victoryosikwemhe/Library/Caches/typescript/4.2/node_modules/@types/fs-extra/index.d.ts'
[22:36:40.619] Adding entry into typings cache: 'glob' => '/Users/victoryosikwemhe/Library/Caches/typescript/4.2/node_modules/@types/glob/index.d.ts'
[22:36:40.619] Adding entry into typings cache: 'google-libphonenumber' => '/Users/victoryosikwemhe/Library/Caches/typescript/4.2/node_modules/@types/google-libphonenumber/index.d.ts'
[22:36:40.620] Adding entry into typings cache: 'google-map-react' => '/Users/victoryosikwemhe/Library/Caches/typescript/4.2/node_modules/@types/google-map-react/index.d.ts'
[22:36:40.624] Adding entry into typings cache: 'google__maps' => '/Users/victoryosikwemhe/Library/Caches/typescript/4.2/node_modules/@types/google__maps/index.d.ts'
[22:36:40.626] Adding entry into typings cache: 'graceful-fs' => '/Users/victoryosikwemhe/Library/Caches/typescript/4.2/node_modules/@types/graceful-fs/index.d.ts'
[22:36:40.629] Adding entry into typings cache: 'history' => '/Users/victoryosikwemhe/Library/Caches/typescript/4.2/node_modules/@types/history/index.d.ts'
[22:36:40.633] Adding entry into typings cache: 'hosted-git-info' => '/Users/victoryosikwemhe/Library/Caches/typescript/4.2/node_modules/@types/hosted-git-info/index.d.ts'
[22:36:40.634] Adding entry into typings cache: 'http-errors' => '/Users/victoryosikwemhe/Library/Caches/typescript/4.2/node_modules/@types/http-errors/index.d.ts'
[22:36:40.635] Adding entry into typings cache: 'intercomjs' => '/Users/victoryosikwemhe/Library/Caches/typescript/4.2/node_modules/@types/intercomjs/index.d.ts'
[22:36:40.635] Adding entry into typings cache: 'internal-slot' => '/Users/victoryosikwemhe/Library/Caches/typescript/4.2/node_modules/@types/internal-slot/index.d.ts'
[22:36:40.636] Adding entry into typings cache: 'ioredis' => '/Users/victoryosikwemhe/Library/Caches/typescript/4.2/node_modules/@types/ioredis/index.d.ts'
[22:36:40.637] Adding entry into typings cache: 'is-callable' => '/Users/victoryosikwemhe/Library/Caches/typescript/4.2/node_modules/@types/is-callable/index.d.ts'
[22:36:40.641] Adding entry into typings cache: 'is-date-object' => '/Users/victoryosikwemhe/Library/Caches/typescript/4.2/node_modules/@types/is-date-object/index.d.ts'
[22:36:40.642] Adding entry into typings cache: 'is-regex' => '/Users/victoryosikwemhe/Library/Caches/typescript/4.2/node_modules/@types/is-regex/index.d.ts'
[22:36:40.644] Adding entry into typings cache: 'jest' => '/Users/victoryosikwemhe/Library/Caches/typescript/4.2/node_modules/@types/jest/index.d.ts'
[22:36:40.649] Adding entry into typings cache: 'json-stringify-safe' => '/Users/victoryosikwemhe/Library/Caches/typescript/4.2/node_modules/@types/json-stringify-safe/index.d.ts'
[22:36:40.652] Adding entry into typings cache: 'json2csv' => '/Users/victoryosikwemhe/Library/Caches/typescript/4.2/node_modules/@types/json2csv/index.d.ts'
[22:36:40.653] Adding entry into typings cache: 'jsonwebtoken' => '/Users/victoryosikwemhe/Library/Caches/typescript/4.2/node_modules/@types/jsonwebtoken/index.d.ts'
[22:36:40.653] Adding entry into typings cache: 'jws' => '/Users/victoryosikwemhe/Library/Caches/typescript/4.2/node_modules/@types/jws/index.d.ts'
[22:36:40.654] Adding entry into typings cache: 'lodash' => '/Users/victoryosikwemhe/Library/Caches/typescript/4.2/node_modules/@types/lodash/index.d.ts'
[22:36:40.658] Adding entry into typings cache: 'lodash.clonedeep' => '/Users/victoryosikwemhe/Library/Caches/typescript/4.2/node_modules/@types/lodash.clonedeep/index.d.ts'
[22:36:40.659] Adding entry into typings cache: 'lodash.get' => '/Users/victoryosikwemhe/Library/Caches/typescript/4.2/node_modules/@types/lodash.get/index.d.ts'
[22:36:40.659] Adding entry into typings cache: 'lodash.includes' => '/Users/victoryosikwemhe/Library/Caches/typescript/4.2/node_modules/@types/lodash.includes/index.d.ts'
[22:36:40.660] Adding entry into typings cache: 'lodash.isboolean' => '/Users/victoryosikwemhe/Library/Caches/typescript/4.2/node_modules/@types/lodash.isboolean/index.d.ts'
[22:36:40.661] Adding entry into typings cache: 'lodash.isinteger' => '/Users/victoryosikwemhe/Library/Caches/typescript/4.2/node_modules/@types/lodash.isinteger/index.d.ts'
[22:36:40.662] Adding entry into typings cache: 'lodash.isnumber' => '/Users/victoryosikwemhe/Library/Caches/typescript/4.2/node_modules/@types/lodash.isnumber/index.d.ts'
[22:36:40.665] Adding entry into typings cache: 'lodash.isplainobject' => '/Users/victoryosikwemhe/Library/Caches/typescript/4.2/node_modules/@types/lodash.isplainobject/index.d.ts'
[22:36:40.667] Adding entry into typings cache: 'lodash.isstring' => '/Users/victoryosikwemhe/Library/Caches/typescript/4.2/node_modules/@types/lodash.isstring/index.d.ts'
[22:36:40.671] Adding entry into typings cache: 'lodash.once' => '/Users/victoryosikwemhe/Library/Caches/typescript/4.2/node_modules/@types/lodash.once/index.d.ts'
[22:36:40.672] Adding entry into typings cache: 'lodash.set' => '/Users/victoryosikwemhe/Library/Caches/typescript/4.2/node_modules/@types/lodash.set/index.d.ts'
[22:36:40.676] Adding entry into typings cache: 'long' => '/Users/victoryosikwemhe/Library/Caches/typescript/4.2/node_modules/@types/long/index.d.ts'
[22:36:40.677] Adding entry into typings cache: 'merge-descriptors' => '/Users/victoryosikwemhe/Library/Caches/typescript/4.2/node_modules/@types/merge-descriptors/index.d.ts'
[22:36:40.678] Adding entry into typings cache: 'methods' => '/Users/victoryosikwemhe/Library/Caches/typescript/4.2/node_modules/@types/methods/index.d.ts'
[22:36:40.682] Adding entry into typings cache: 'mixpanel-browser' => '/Users/victoryosikwemhe/Library/Caches/typescript/4.2/node_modules/@types/mixpanel-browser/index.d.ts'
[22:36:40.683] Adding entry into typings cache: 'mkdirp' => '/Users/victoryosikwemhe/Library/Caches/typescript/4.2/node_modules/@types/mkdirp/index.d.ts'
[22:36:40.683] Adding entry into typings cache: 'moment-holiday' => '/Users/victoryosikwemhe/Library/Caches/typescript/4.2/node_modules/@types/moment-holiday/index.d.ts'
[22:36:40.688] Adding entry into typings cache: 'mongodb' => '/Users/victoryosikwemhe/Library/Caches/typescript/4.2/node_modules/@types/mongodb/index.d.ts'
[22:36:40.688] Adding entry into typings cache: 'mongoose' => '/Users/victoryosikwemhe/Library/Caches/typescript/4.2/node_modules/@types/mongoose/index.d.ts'
[22:36:40.689] Adding entry into typings cache: 'mousetrap' => '/Users/victoryosikwemhe/Library/Caches/typescript/4.2/node_modules/@types/mousetrap/index.d.ts'
[22:36:40.689] Adding entry into typings cache: 'ms' => '/Users/victoryosikwemhe/Library/Caches/typescript/4.2/node_modules/@types/ms/index.d.ts'
[22:36:40.690] Adding entry into typings cache: 'mustache' => '/Users/victoryosikwemhe/Library/Caches/typescript/4.2/node_modules/@types/mustache/index.d.ts'
[22:36:40.694] Adding entry into typings cache: 'mute-stream' => '/Users/victoryosikwemhe/Library/Caches/typescript/4.2/node_modules/@types/mute-stream/index.d.ts'
[22:36:40.696] Adding entry into typings cache: 'newrelic' => '/Users/victoryosikwemhe/Library/Caches/typescript/4.2/node_modules/@types/newrelic/index.d.ts'
[22:36:40.696] Adding entry into typings cache: 'nice-try' => '/Users/victoryosikwemhe/Library/Caches/typescript/4.2/node_modules/@types/nice-try/index.d.ts'
[22:36:40.697] Adding entry into typings cache: 'nodemailer' => '/Users/victoryosikwemhe/Library/Caches/typescript/4.2/node_modules/@types/nodemailer/index.d.ts'
[22:36:40.697] Adding entry into typings cache: 'nodemon' => '/Users/victoryosikwemhe/Library/Caches/typescript/4.2/node_modules/@types/nodemon/index.d.ts'
[22:36:40.698] Adding entry into typings cache: 'normalize-package-data' => '/Users/victoryosikwemhe/Library/Caches/typescript/4.2/node_modules/@types/normalize-package-data/index.d.ts'
[22:36:40.699] Adding entry into typings cache: 'notify' => '/Users/victoryosikwemhe/Library/Caches/typescript/4.2/node_modules/@types/notify/index.d.ts'
[22:36:40.703] Adding entry into typings cache: 'object-assign' => '/Users/victoryosikwemhe/Library/Caches/typescript/4.2/node_modules/@types/object-assign/index.d.ts'
[22:36:40.703] Adding entry into typings cache: 'object.fromentries' => '/Users/victoryosikwemhe/Library/Caches/typescript/4.2/node_modules/@types/object.fromentries/index.d.ts'
[22:36:40.704] Adding entry into typings cache: 'on-headers' => '/Users/victoryosikwemhe/Library/Caches/typescript/4.2/node_modules/@types/on-headers/index.d.ts'
[22:36:40.704] Adding entry into typings cache: 'os-tmpdir' => '/Users/victoryosikwemhe/Library/Caches/typescript/4.2/node_modules/@types/os-tmpdir/index.d.ts'
[22:36:40.705] Adding entry into typings cache: 'parse-json' => '/Users/victoryosikwemhe/Library/Caches/typescript/4.2/node_modules/@types/parse-json/index.d.ts'
[22:36:40.705] Adding entry into typings cache: 'parseurl' => '/Users/victoryosikwemhe/Library/Caches/typescript/4.2/node_modules/@types/parseurl/index.d.ts'
[22:36:40.706] Adding entry into typings cache: 'paypal-rest-sdk' => '/Users/victoryosikwemhe/Library/Caches/typescript/4.2/node_modules/@types/paypal-rest-sdk/index.d.ts'
[22:36:40.706] Adding entry into typings cache: 'prelude-ls' => '/Users/victoryosikwemhe/Library/Caches/typescript/4.2/node_modules/@types/prelude-ls/index.d.ts'
[22:36:40.708] Adding entry into typings cache: 'prettier' => '/Users/victoryosikwemhe/Library/Caches/typescript/4.2/node_modules/@types/prettier/index.d.ts'
[22:36:40.708] Adding entry into typings cache: 'prop-types' => '/Users/victoryosikwemhe/Library/Caches/typescript/4.2/node_modules/@types/prop-types/index.d.ts'
[22:36:40.709] Adding entry into typings cache: 'puppeteer' => '/Users/victoryosikwemhe/Library/Caches/typescript/4.2/node_modules/@types/puppeteer/index.d.ts'
[22:36:40.714] Adding entry into typings cache: 'qs' => '/Users/victoryosikwemhe/Library/Caches/typescript/4.2/node_modules/@types/qs/index.d.ts'
[22:36:40.715] Adding entry into typings cache: 'random-bytes' => '/Users/victoryosikwemhe/Library/Caches/typescript/4.2/node_modules/@types/random-bytes/index.d.ts'
[22:36:40.716] Adding entry into typings cache: 'rc-tree' => '/Users/victoryosikwemhe/Library/Caches/typescript/4.2/node_modules/@types/rc-tree/index.d.ts'
[22:36:40.716] Adding entry into typings cache: 'react' => '/Users/victoryosikwemhe/Library/Caches/typescript/4.2/node_modules/@types/react/index.d.ts'
[22:36:40.717] Adding entry into typings cache: 'react-dom' => '/Users/victoryosikwemhe/Library/Caches/typescript/4.2/node_modules/@types/react-dom/index.d.ts'
[22:36:40.724] Adding entry into typings cache: 'react-image-crop' => '/Users/victoryosikwemhe/Library/Caches/typescript/4.2/node_modules/@types/react-image-crop/index.d.ts'
[22:36:40.725] Adding entry into typings cache: 'react-infinite-scroller' => '/Users/victoryosikwemhe/Library/Caches/typescript/4.2/node_modules/@types/react-infinite-scroller/index.d.ts'
[22:36:40.725] Adding entry into typings cache: 'react-redux' => '/Users/victoryosikwemhe/Library/Caches/typescript/4.2/node_modules/@types/react-redux/index.d.ts'
[22:36:40.726] Adding entry into typings cache: 'react-router-dom' => '/Users/victoryosikwemhe/Library/Caches/typescript/4.2/node_modules/@types/react-router-dom/index.d.ts'
[22:36:40.732] Adding entry into typings cache: 'react-virtualized' => '/Users/victoryosikwemhe/Library/Caches/typescript/4.2/node_modules/@types/react-virtualized/index.d.ts'
[22:36:40.732] Adding entry into typings cache: 'request' => '/Users/victoryosikwemhe/Library/Caches/typescript/4.2/node_modules/@types/request/index.d.ts'
[22:36:40.733] Adding entry into typings cache: 'request-ip' => '/Users/victoryosikwemhe/Library/Caches/typescript/4.2/node_modules/@types/request-ip/index.d.ts'
[22:36:40.733] Adding entry into typings cache: 'rimraf' => '/Users/victoryosikwemhe/Library/Caches/typescript/4.2/node_modules/@types/rimraf/index.d.ts'
[22:36:40.734] Adding entry into typings cache: 'semver' => '/Users/victoryosikwemhe/Library/Caches/typescript/4.2/node_modules/@types/semver/index.d.ts'
[22:36:40.739] Adding entry into typings cache: 'serve-static' => '/Users/victoryosikwemhe/Library/Caches/typescript/4.2/node_modules/@types/serve-static/index.d.ts'
[22:36:40.740] Adding entry into typings cache: 'shebang-command' => '/Users/victoryosikwemhe/Library/Caches/typescript/4.2/node_modules/@types/shebang-command/index.d.ts'
[22:36:40.740] Adding entry into typings cache: 'shelljs' => '/Users/victoryosikwemhe/Library/Caches/typescript/4.2/node_modules/@types/shelljs/index.d.ts'
[22:36:40.741] Adding entry into typings cache: 'signale' => '/Users/victoryosikwemhe/Library/Caches/typescript/4.2/node_modules/@types/signale/index.d.ts'
[22:36:40.741] Adding entry into typings cache: 'signature_pad' => '/Users/victoryosikwemhe/Library/Caches/typescript/4.2/node_modules/@types/signature_pad/index.d.ts'
[22:36:40.742] Adding entry into typings cache: 'slice-ansi' => '/Users/victoryosikwemhe/Library/Caches/typescript/4.2/node_modules/@types/slice-ansi/index.d.ts'
[22:36:40.742] Adding entry into typings cache: 'spdx-correct' => '/Users/victoryosikwemhe/Library/Caches/typescript/4.2/node_modules/@types/spdx-correct/index.d.ts'
[22:36:40.743] Adding entry into typings cache: 'spdx-expression-parse' => '/Users/victoryosikwemhe/Library/Caches/typescript/4.2/node_modules/@types/spdx-expression-parse/index.d.ts'
[22:36:40.744] Adding entry into typings cache: 'sprintf' => '/Users/victoryosikwemhe/Library/Caches/typescript/4.2/node_modules/@types/sprintf/index.d.ts'
[22:36:40.748] Adding entry into typings cache: 'stack-utils' => '/Users/victoryosikwemhe/Library/Caches/typescript/4.2/node_modules/@types/stack-utils/index.d.ts'
[22:36:40.749] Adding entry into typings cache: 'string' => '/Users/victoryosikwemhe/Library/Caches/typescript/4.2/node_modules/@types/string/index.d.ts'
[22:36:40.752] Adding entry into typings cache: 'string.prototype.matchall' => '/Users/victoryosikwemhe/Library/Caches/typescript/4.2/node_modules/@types/string.prototype.matchall/index.d.ts'
[22:36:40.757] Adding entry into typings cache: 'styled-components' => '/Users/victoryosikwemhe/Library/Caches/typescript/4.2/node_modules/@types/styled-components/index.d.ts'
[22:36:40.758] Adding entry into typings cache: 'superagent' => '/Users/victoryosikwemhe/Library/Caches/typescript/4.2/node_modules/@types/superagent/index.d.ts'
[22:36:40.758] Adding entry into typings cache: 'supertest' => '/Users/victoryosikwemhe/Library/Caches/typescript/4.2/node_modules/@types/supertest/index.d.ts'
[22:36:40.759] Adding entry into typings cache: 'supports-color' => '/Users/victoryosikwemhe/Library/Caches/typescript/4.2/node_modules/@types/supports-color/index.d.ts'
[22:36:40.760] Adding entry into typings cache: 'throttle-debounce' => '/Users/victoryosikwemhe/Library/Caches/typescript/4.2/node_modules/@types/throttle-debounce/index.d.ts'
[22:36:40.760] Adding entry into typings cache: 'type-check' => '/Users/victoryosikwemhe/Library/Caches/typescript/4.2/node_modules/@types/type-check/index.d.ts'
[22:36:40.761] Adding entry into typings cache: 'type-is' => '/Users/victoryosikwemhe/Library/Caches/typescript/4.2/node_modules/@types/type-is/index.d.ts'
[22:36:40.762] Adding entry into typings cache: 'uid-safe' => '/Users/victoryosikwemhe/Library/Caches/typescript/4.2/node_modules/@types/uid-safe/index.d.ts'
[22:36:40.762] Adding entry into typings cache: 'uuid' => '/Users/victoryosikwemhe/Library/Caches/typescript/4.2/node_modules/@types/uuid/index.d.ts'
[22:36:40.763] Adding entry into typings cache: 'validate-npm-package-license' => '/Users/victoryosikwemhe/Library/Caches/typescript/4.2/node_modules/@types/validate-npm-package-license/index.d.ts'
[22:36:40.763] Adding entry into typings cache: 'validator' => '/Users/victoryosikwemhe/Library/Caches/typescript/4.2/node_modules/@types/validator/index.d.ts'
[22:36:40.764] Adding entry into typings cache: 'vary' => '/Users/victoryosikwemhe/Library/Caches/typescript/4.2/node_modules/@types/vary/index.d.ts'
[22:36:40.773] Adding entry into typings cache: 'webpack' => '/Users/victoryosikwemhe/Library/Caches/typescript/4.2/node_modules/webpack/types.d.ts'
[22:36:40.775] Adding entry into typings cache: 'which' => '/Users/victoryosikwemhe/Library/Caches/typescript/4.2/node_modules/@types/which/index.d.ts'
[22:36:40.776] Adding entry into typings cache: 'yargs-parser' => '/Users/victoryosikwemhe/Library/Caches/typescript/4.2/node_modules/@types/yargs-parser/index.d.ts'
[22:36:40.777] Adding entry into typings cache: 'zen-observable' => '/Users/victoryosikwemhe/Library/Caches/typescript/4.2/node_modules/@types/zen-observable/index.d.ts'
[22:36:40.777] Finished processing cache location '/Users/victoryosikwemhe/Library/Caches/typescript/4.2'
[22:36:40.778] Process id: 55637
[22:36:40.778] NPM location: /usr/local/bin/npm (explicit '--npmLocation' not  provided)
[22:36:40.778] validateDefaultNpmLocation: false
[22:36:40.779] Npm config file: /Users/victoryosikwemhe/Library/Caches/typescript/4.2/package.json
[22:36:40.779] Updating types-registry npm package...
[22:36:40.779] Exec: /usr/local/bin/npm install --ignore-scripts types-registry@latest
[22:38:41.526]     Succeeded. stdout:
    + types-registry@0.1.547
    updated 1 package in 120.166s

12 packages are looking for funding
  run `npm fund` for details


[22:38:41.529] Updated types-registry npm package
[22:38:41.547] Got install request {"projectName":"/dev/null/inferredProject1*","fileNames":["/Users/victoryosikwemhe/.emacs.d/.cache/lsp/npm/typescript/lib/node_modules/typescript/lib/lib.es5.d.ts","/Users/victoryosikwemhe/.emacs.d/.cache/lsp/npm/typescript/lib/node_modules/typescript/lib/lib.es2015.d.ts","/Users/victoryosikwemhe/.emacs.d/.cache/lsp/npm/typescript/lib/node_modules/typescript/lib/lib.es2016.d.ts","/Users/victoryosikwemhe/.emacs.d/.cache/lsp/npm/typescript/lib/node_modules/typescript/lib/lib.dom.d.ts","/Users/victoryosikwemhe/.emacs.d/.cache/lsp/npm/typescript/lib/node_modules/typescript/lib/lib.dom.iterable.d.ts","/Users/victoryosikwemhe/.emacs.d/.cache/lsp/npm/typescript/lib/node_modules/typescript/lib/lib.webworker.importscripts.d.ts","/Users/victoryosikwemhe/.emacs.d/.cache/lsp/npm/typescript/lib/node_modules/typescript/lib/lib.scripthost.d.ts","/Users/victoryosikwemhe/.emacs.d/.cache/lsp/npm/typescript/lib/node_modules/typescript/lib/lib.es2015.core.d.ts","/Users/victoryosikwemhe/.emacs.d/.cache/lsp/npm/typescript/lib/node_modules/typescript/lib/lib.es2015.collection.d.ts","/Users/victoryosikwemhe/.emacs.d/.cache/lsp/npm/typescript/lib/node_modules/typescript/lib/lib.es2015.generator.d.ts","/Users/victoryosikwemhe/.emacs.d/.cache/lsp/npm/typescript/lib/node_modules/typescript/lib/lib.es2015.iterable.d.ts","/Users/victoryosikwemhe/.emacs.d/.cache/lsp/npm/typescript/lib/node_modules/typescript/lib/lib.es2015.promise.d.ts","/Users/victoryosikwemhe/.emacs.d/.cache/lsp/npm/typescript/lib/node_modules/typescript/lib/lib.es2015.proxy.d.ts","/Users/victoryosikwemhe/.emacs.d/.cache/lsp/npm/typescript/lib/node_modules/typescript/lib/lib.es2015.reflect.d.ts","/Users/victoryosikwemhe/.emacs.d/.cache/lsp/npm/typescript/lib/node_modules/typescript/lib/lib.es2015.symbol.d.ts","/Users/victoryosikwemhe/.emacs.d/.cache/lsp/npm/typescript/lib/node_modules/typescript/lib/lib.es2015.symbol.wellknown.d.ts","/Users/victoryosikwemhe/.emacs.d/.cache/lsp/npm/typescript/lib/node_modules/typescript/lib/lib.es2016.array.include.d.ts","/Users/victoryosikwemhe/.emacs.d/.cache/lsp/npm/typescript/lib/node_modules/typescript/lib/lib.es2016.full.d.ts","/Users/victoryosikwemhe/PERSONAL_PROJECTS/studentrant/studentrant-api/src/core/config/logger.config.js","/Users/victoryosikwemhe/PERSONAL_PROJECTS/studentrant/studentrant-api/src/core/config/database.config.js"],"compilerOptions":{"module":1,"target":3,"jsx":1,"allowJs":true,"allowSyntheticDefaultImports":true,"allowNonTsExtensions":true,"noEmitForJsFiles":true,"maxNodeModuleJsDepth":2},"typeAcquisition":{"enable":true,"include":[],"exclude":[]},"unresolvedImports":[],"projectRootPath":"/Users/victoryosikwemhe/PERSONAL_PROJECTS/studentrant/studentrant-api/src/core/config","kind":"discover"}
[22:38:41.575] Loaded safelist from types map file '/users/victoryosikwemhe/.emacs.d/.cache/lsp/npm/typescript/lib/node_modules/typescript/lib/typesmap.json'
[22:38:41.576] Explicitly included types: []
[22:38:41.578] Inferred typings from unresolved imports: []
[22:38:41.578] Result: {"cachedTypingPaths":[],"newTypingNames":[],"filesToWatch":["/Users/victoryosikwemhe/PERSONAL_PROJECTS/studentrant/studentrant-api/src/core/config/bower_components","/Users/victoryosikwemhe/PERSONAL_PROJECTS/studentrant/studentrant-api/src/core/config/node_modules"]}
[22:38:41.578] Finished typings discovery: {"cachedTypingPaths":[],"newTypingNames":[],"filesToWatch":["/Users/victoryosikwemhe/PERSONAL_PROJECTS/studentrant/studentrant-api/src/core/config/bower_components","/Users/victoryosikwemhe/PERSONAL_PROJECTS/studentrant/studentrant-api/src/core/config/node_modules"]}
[22:38:41.579] DirectoryWatcher:: Added:: WatchInfo: /Users/victoryosikwemhe/PERSONAL_PROJECTS/studentrant/studentrant-api/src/core/config/bower_components
[22:38:41.581] DirectoryWatcher:: Added:: WatchInfo: /Users/victoryosikwemhe/PERSONAL_PROJECTS/studentrant/studentrant-api/src/core/config/bower_components 1 undefined Project: /dev/null/inferredProject1* watcher already invoked: false
[22:38:41.582] Elapsed:: 1.235042005777359ms DirectoryWatcher:: Added:: WatchInfo: /Users/victoryosikwemhe/PERSONAL_PROJECTS/studentrant/studentrant-api/src/core/config/bower_components 1 undefined Project: /dev/null/inferredProject1* watcher already invoked: false
[22:38:41.582] DirectoryWatcher:: Added:: WatchInfo: /Users/victoryosikwemhe/PERSONAL_PROJECTS/studentrant/studentrant-api/src/core/config/node_modules
[22:38:41.582] DirectoryWatcher:: Added:: WatchInfo: /Users/victoryosikwemhe/PERSONAL_PROJECTS/studentrant/studentrant-api/src/core/config/node_modules 1 undefined Project: /dev/null/inferredProject1* watcher already invoked: false
[22:38:41.582] Elapsed:: 0.0677500069141388ms DirectoryWatcher:: Added:: WatchInfo: /Users/victoryosikwemhe/PERSONAL_PROJECTS/studentrant/studentrant-api/src/core/config/node_modules 1 undefined Project: /dev/null/inferredProject1* watcher already invoked: false
[22:38:41.583] Sending response:
    {"projectName":"/dev/null/inferredProject1*","typeAcquisition":{"enable":true,"include":[],"exclude":[]},"compilerOptions":{"module":1,"target":3,"jsx":1,"allowJs":true,"allowSyntheticDefaultImports":true,"allowNonTsExtensions":true,"noEmitForJsFiles":true,"maxNodeModuleJsDepth":2},"typings":[],"unresolvedImports":[],"kind":"action::set"}
[22:38:41.583] Response has been sent.
[22:38:41.583] No new typings were requested as a result of typings discovery
